#
# A fatal error has been detected by the Java Runtime Environment:
#
#  Internal Error (thread.cpp:1280), pid=413364, tid=582404
#  guarantee(cur_sp > stack_yellow_zone_base()) failed: not enough space to reguard - increase StackShadowPages
#
# JRE version: 6.0_23-b01
# Java VM: OpenJDK Client VM (19.0-b06 mixed mode, sharing windows-x86 )
# If you would like to submit a bug report, please visit:
#   http://java.sun.com/webapps/bugreport/crash.jsp
#

---------------  T H R E A D  ---------------

Current thread (0x03db0400):  JavaThread "Send1100TxnTask39263" [_thread_in_vm, id=582404, stack(0x03af0000,0x03b40000)]

Stack: [0x03af0000,0x03b40000],  sp=0x03af2228,  free space=8k
Native frames: (J=compiled Java code, j=interpreted, Vv=VM code, C=native code)
V  [jvm.dll+0x1ff217]
V  [jvm.dll+0xa446c]
V  [jvm.dll+0x1e6a06]
V  [jvm.dll+0x1e6a30]
V  [jvm.dll+0x187961]
V  [jvm.dll+0xf274d]
V  [jvm.dll+0xfc14c]
V  [jvm.dll+0x103d9d]
C  [profilerinterface.dll+0x384a]
V  [jvm.dll+0x1ca7c9]
V  [jvm.dll+0x1cadfc]
V  [jvm.dll+0x1cb00b]
V  [jvm.dll+0x1cb05f]
V  [jvm.dll+0x1cebb5]
V  [jvm.dll+0x1cf275]
V  [jvm.dll+0x1cf2bb]
V  [jvm.dll+0x11abd3]
V  [jvm.dll+0xfb455]
C  [profilerinterface.dll+0x35b4]
V  [jvm.dll+0x1ca7c9]
V  [jvm.dll+0x1cadfc]
V  [jvm.dll+0x1cb00b]
V  [jvm.dll+0x1cb05f]
V  [jvm.dll+0x1cebb5]
V  [jvm.dll+0x1cf275]
V  [jvm.dll+0x1cf2bb]
V  [jvm.dll+0x11abd3]
V  [jvm.dll+0xfb455]
C  [profilerinterface.dll+0x35b4]
V  [jvm.dll+0x1ca7c9]
V  [jvm.dll+0x1cadfc]
V  [jvm.dll+0x1cb00b]
V  [jvm.dll+0x1cb05f]
V  [jvm.dll+0x1cebb5]
V  [jvm.dll+0x1cf275]
V  [jvm.dll+0x1cf2bb]
V  [jvm.dll+0x11abd3]
V  [jvm.dll+0xfb455]
C  [profilerinterface.dll+0x35b4]
V  [jvm.dll+0x1ca7c9]
V  [jvm.dll+0x1cadfc]
V  [jvm.dll+0x1cb00b]
V  [jvm.dll+0x1cb05f]
V  [jvm.dll+0x1cebb5]
V  [jvm.dll+0x1cf275]
V  [jvm.dll+0x1cf2bb]
V  [jvm.dll+0x11abd3]
V  [jvm.dll+0xfb455]
C  [profilerinterface.dll+0x35b4]
V  [jvm.dll+0x1ca7c9]
V  [jvm.dll+0x1cadfc]
V  [jvm.dll+0x1cb00b]
V  [jvm.dll+0x1cb05f]
V  [jvm.dll+0x1cebb5]
V  [jvm.dll+0x1cf275]
V  [jvm.dll+0x1cf2bb]
V  [jvm.dll+0x11abd3]
V  [jvm.dll+0xfb455]
C  [profilerinterface.dll+0x35b4]
V  [jvm.dll+0x1ca7c9]
V  [jvm.dll+0x1cadfc]
V  [jvm.dll+0x1cb00b]
V  [jvm.dll+0x1cb05f]
V  [jvm.dll+0x1cebb5]
V  [jvm.dll+0x1cf275]
V  [jvm.dll+0x1cf2bb]
V  [jvm.dll+0x11abd3]
V  [jvm.dll+0xfb455]
C  [profilerinterface.dll+0x35b4]
V  [jvm.dll+0x1ca7c9]
V  [jvm.dll+0x1cadfc]
V  [jvm.dll+0x1cb00b]
V  [jvm.dll+0x1cb05f]
V  [jvm.dll+0x1cebb5]
V  [jvm.dll+0x1cf275]
V  [jvm.dll+0x1cf2bb]
V  [jvm.dll+0x11abd3]
V  [jvm.dll+0xfb455]
C  [profilerinterface.dll+0x35b4]
V  [jvm.dll+0x1ca7c9]
V  [jvm.dll+0x1cadfc]
V  [jvm.dll+0x1cb00b]
V  [jvm.dll+0x1cb05f]
V  [jvm.dll+0x1cebb5]
V  [jvm.dll+0x1cf275]
V  [jvm.dll+0x1cf2bb]
V  [jvm.dll+0x11abd3]
V  [jvm.dll+0xfb455]
C  [profilerinterface.dll+0x35b4]
V  [jvm.dll+0x1ca7c9]
V  [jvm.dll+0x1cadfc]
V  [jvm.dll+0x1cb00b]
V  [jvm.dll+0x1cb05f]
V  [jvm.dll+0x1cebb5]
V  [jvm.dll+0x1cf275]
V  [jvm.dll+0x1cf2bb]
V  [jvm.dll+0x11abd3]
V  [jvm.dll+0xfb455]
C  [profilerinterface.dll+0x35b4]
V  [jvm.dll+0x1ca7c9]
...<more frames>...

Java frames: (J=compiled Java code, j=interpreted, Vv=VM code)
v  ~RuntimeStub::monitorenter_nofpu Runtime1 stub
J  ru.kvaga.amphora.svfp.iso8583.lt.client.ISO8583Client.sendMsg(Lorg/jpos/iso/ISOMsg;)I
J  ru.kvaga.amphora.svfp.iso8583.lt.loadgenerator.tasks.Send1100TxnTask.send1100()I
J  ru.kvaga.amphora.svfp.iso8583.lt.loadgenerator.tasks.Send1100TxnTask.run()V
J  java.lang.Thread.run()V
v  ~StubRoutines::call_stub

---------------  P R O C E S S  ---------------

Java Threads: ( => current thread )
  0x02f78400 JavaThread "*** Profiler Agent Communication Thread" daemon [_thread_blocked, id=589776, stack(0x03b40000,0x03b90000)]
=>0x03db0400 JavaThread "Send1100TxnTask39263" [_thread_in_vm, id=582404, stack(0x03af0000,0x03b40000)]
  0x03ea0400 JavaThread "*** Profiler Agent Special Execution Thread 5" daemon [_thread_blocked, id=589768, stack(0x03aa0000,0x03af0000)]
  0x02af9000 JavaThread "RMI TCP Connection(6)-172.21.224.35" daemon [_thread_in_native, id=522048, stack(0x039b0000,0x03a00000)]
  0x02b86400 JavaThread "JMX server connection timeout 24" daemon [_thread_blocked, id=420468, stack(0x03a50000,0x03aa0000)]
  0x02b84400 JavaThread "RMI Scheduler(0)" daemon [_thread_blocked, id=420352, stack(0x03a00000,0x03a50000)]
  0x02b64400 JavaThread "RMI TCP Accept-0" daemon [_thread_in_native, id=427364, stack(0x03930000,0x03980000)]
  0x02f65400 JavaThread "TimerQueue" daemon [_thread_blocked, id=419256, stack(0x03790000,0x037e0000)]
  0x02eef400 JavaThread "Thread-5" [_thread_blocked, id=420084, stack(0x035f0000,0x03640000)]
  0x02f3f400 JavaThread "AWT-EventQueue-0" [_thread_blocked, id=411540, stack(0x035a0000,0x035f0000)]
  0x02f3e400 JavaThread "AWT-Windows" daemon [_thread_in_native, id=413624, stack(0x03510000,0x03560000)]
  0x02ed0400 JavaThread "AWT-Shutdown" [_thread_blocked, id=426592, stack(0x034c0000,0x03510000)]
  0x02edb400 JavaThread "Java2D Disposer" daemon [_thread_blocked, id=427148, stack(0x03470000,0x034c0000)]
  0x02ed7400 JavaThread "UpdateTPSLogFileTask" [_thread_blocked, id=420036, stack(0x03180000,0x031d0000)]
  0x02ed8800 JavaThread "RecTxnsTask" [_thread_in_native, id=412912, stack(0x03130000,0x03180000)]
  0x02bdd400 JavaThread "Thread-0" [_thread_blocked, id=418920, stack(0x03060000,0x030b0000)]
  0x02b47c00 JavaThread "Low Memory Detector" daemon [_thread_blocked, id=426972, stack(0x02dc0000,0x02e10000)]
  0x02b45400 JavaThread "CompilerThread0" daemon [_thread_blocked, id=427088, stack(0x02d70000,0x02dc0000)]
  0x02b40400 JavaThread "Attach Listener" daemon [_thread_blocked, id=427140, stack(0x02d20000,0x02d70000)]
  0x02b3f000 JavaThread "Signal Dispatcher" daemon [_thread_blocked, id=427172, stack(0x02cd0000,0x02d20000)]
  0x02b00c00 JavaThread "Finalizer" daemon [_thread_blocked, id=420144, stack(0x02c80000,0x02cd0000)]
  0x02afc000 JavaThread "Reference Handler" daemon [_thread_blocked, id=427156, stack(0x02c30000,0x02c80000)]
  0x00397000 JavaThread "main" [_thread_blocked, id=420124, stack(0x008c0000,0x00910000)]

Other Threads:
  0x02afa800 VMThread [stack: 0x02be0000,0x02c30000] [id=426956]
  0x02b52c00 WatcherThread [stack: 0x02e10000,0x02e60000] [id=420068]

VM state:not at safepoint (normal execution)

VM Mutex/Monitor currently owned by a thread: None

Heap
 def new generation   total 8832K, used 3853K [0x22990000, 0x23320000, 0x27ee0000)
  eden space 7872K,  47% used [0x22990000, 0x22d2eba8, 0x23140000)
  from space 960K,  15% used [0x23230000, 0x23254ac0, 0x23320000)
  to   space 960K,   0% used [0x23140000, 0x23140000, 0x23230000)
 tenured generation   total 19424K, used 13025K [0x27ee0000, 0x291d8000, 0x32990000)
   the space 19424K,  67% used [0x27ee0000, 0x28b98760, 0x28b98800, 0x291d8000)
 compacting perm gen  total 12288K, used 3042K [0x32990000, 0x33590000, 0x36990000)
   the space 12288K,  24% used [0x32990000, 0x32c88998, 0x32c88a00, 0x33590000)
    ro space 10240K,  51% used [0x36990000, 0x36ebb480, 0x36ebb600, 0x37390000)
    rw space 12288K,  54% used [0x37390000, 0x37a275b0, 0x37a27600, 0x37f90000)

Dynamic libraries:
0x00400000 - 0x00424000 	C:\Program Files\Java\jre6\bin\javaw.exe
0x7c800000 - 0x7c8c3000 	C:\WINDOWS\system32\ntdll.dll
0x77e40000 - 0x77f42000 	C:\WINDOWS\system32\kernel32.dll
0x7d1e0000 - 0x7d27c000 	C:\WINDOWS\system32\ADVAPI32.dll
0x77c50000 - 0x77cf0000 	C:\WINDOWS\system32\RPCRT4.dll
0x76f50000 - 0x76f63000 	C:\WINDOWS\system32\Secur32.dll
0x77380000 - 0x77411000 	C:\WINDOWS\system32\USER32.dll
0x77c00000 - 0x77c48000 	C:\WINDOWS\system32\GDI32.dll
0x76290000 - 0x762ad000 	C:\WINDOWS\system32\IMM32.DLL
0x7c340000 - 0x7c396000 	C:\Program Files\Java\jre6\bin\msvcr71.dll
0x6d800000 - 0x6daa9000 	C:\Program Files\Java\jre6\bin\client\jvm.dll
0x76aa0000 - 0x76acd000 	C:\WINDOWS\system32\WINMM.dll
0x71bc0000 - 0x71bc8000 	C:\WINDOWS\system32\rdpsnd.dll
0x771f0000 - 0x77201000 	C:\WINDOWS\system32\WINSTA.dll
0x77ba0000 - 0x77bfa000 	C:\WINDOWS\system32\msvcrt.dll
0x71c40000 - 0x71c97000 	C:\WINDOWS\system32\NETAPI32.dll
0x76b70000 - 0x76b7b000 	C:\WINDOWS\system32\PSAPI.DLL
0x6d7b0000 - 0x6d7bc000 	C:\Program Files\Java\jre6\bin\verify.dll
0x6d330000 - 0x6d34f000 	C:\Program Files\Java\jre6\bin\java.dll
0x6d290000 - 0x6d298000 	C:\Program Files\Java\jre6\bin\hpi.dll
0x6d7f0000 - 0x6d7ff000 	C:\Program Files\Java\jre6\bin\zip.dll
0x6d610000 - 0x6d623000 	C:\Program Files\Java\jre6\bin\net.dll
0x71c00000 - 0x71c17000 	C:\WINDOWS\system32\WS2_32.dll
0x71bf0000 - 0x71bf8000 	C:\WINDOWS\system32\WS2HELP.dll
0x6d630000 - 0x6d639000 	C:\Program Files\Java\jre6\bin\nio.dll
0x71b20000 - 0x71b61000 	C:\WINDOWS\system32\mswsock.dll
0x5f270000 - 0x5f2ca000 	C:\WINDOWS\system32\hnetcfg.dll
0x71ae0000 - 0x71ae8000 	C:\WINDOWS\System32\wshtcpip.dll
0x6d000000 - 0x6d14a000 	C:\Program Files\Java\jre6\bin\awt.dll
0x73070000 - 0x73097000 	C:\WINDOWS\system32\WINSPOOL.DRV
0x77670000 - 0x777a9000 	C:\WINDOWS\system32\ole32.dll
0x77420000 - 0x77523000 	C:\WINDOWS\WinSxS\x86_Microsoft.Windows.Common-Controls_6595b64144ccf1df_6.0.3790.4770_x-ww_05FDF087\COMCTL32.dll
0x7d180000 - 0x7d1d2000 	C:\WINDOWS\system32\SHLWAPI.dll
0x4b3c0000 - 0x4b410000 	C:\WINDOWS\system32\MSCTF.dll
0x10000000 - 0x10005000 	C:\Program Files\Unlocker\UnlockerHook.dll
0x7c8d0000 - 0x7d0cf000 	C:\WINDOWS\system32\SHELL32.dll
0x75e60000 - 0x75e87000 	C:\WINDOWS\system32\apphelp.dll
0x4dc30000 - 0x4dc5e000 	C:\WINDOWS\system32\msctfime.ime
0x6d230000 - 0x6d284000 	C:\Program Files\Java\jre6\bin\fontmanager.dll
0x6d2d0000 - 0x6d2ea000 	C:\Program Files\Java\jre6\bin\instrument.dll
0x76ed0000 - 0x76efa000 	C:\WINDOWS\system32\DNSAPI.dll
0x76f70000 - 0x76f77000 	C:\WINDOWS\System32\winrnr.dll
0x76f10000 - 0x76f3e000 	C:\WINDOWS\system32\WLDAP32.dll
0x76f80000 - 0x76f85000 	C:\WINDOWS\system32\rasadhlp.dll
0x6d560000 - 0x6d569000 	C:\Program Files\Java\jre6\bin\management.dll
0x68000000 - 0x68035000 	C:\WINDOWS\system32\rsaenh.dll
0x76920000 - 0x769e2000 	C:\WINDOWS\system32\USERENV.dll
0x76cf0000 - 0x76d0a000 	C:\WINDOWS\system32\iphlpapi.dll
0x76cd0000 - 0x76ce9000 	C:\WINDOWS\system32\MPRAPI.dll
0x76df0000 - 0x76e24000 	C:\WINDOWS\system32\ACTIVEDS.dll
0x76dc0000 - 0x76de8000 	C:\WINDOWS\system32\adsldpc.dll
0x76b80000 - 0x76bae000 	C:\WINDOWS\system32\credui.dll
0x76a80000 - 0x76a92000 	C:\WINDOWS\system32\ATL.DLL
0x7d0e0000 - 0x7d16b000 	C:\WINDOWS\system32\OLEAUT32.dll
0x76e30000 - 0x76e3c000 	C:\WINDOWS\system32\rtutils.dll
0x7e020000 - 0x7e02f000 	C:\WINDOWS\system32\SAMLIB.dll
0x770e0000 - 0x771e8000 	C:\WINDOWS\system32\SETUPAPI.dll
0x6d700000 - 0x6d706000 	C:\Program Files\Java\jre6\bin\rmi.dll
0x6e040000 - 0x6e048000 	C:\Program Files\Java\jdk1.6.0_23\lib\visualvm\profiler3\lib\deployed\jdk16\windows\profilerinterface.dll

VM Arguments:
jvm_args: -Dfile.encoding=Cp1251 
java_command: ru.kvaga.amphora.svfp.iso8583.lt.loadgenerator.LoadGenerator 172.21.224.35 . 3868
Launcher Type: SUN_STANDARD

Environment Variables:
JAVA_HOME=c:\Program Files\Java\jdk1.6.0_23
JRE_HOME=c:\Program Files\Java\jre6
PATH=C:/Program Files/Java/jre6/bin/client;C:/Program Files/Java/jre6/bin;C:/Program Files/Java/jre6/lib/i386;C:\Program Files\HP\NCU;C:\Program Files\Support Tools\;C:\Program Files\Windows Resource Kits\Tools\;C:\WINDOWS\system32;C:\WINDOWS;C:\WINDOWS\System32\Wbem;C:\Program Files\Windows Imaging\;C:\WINDOWS\system32\WindowsPowerShell\v1.0;C:\Program Files\System Center Operations Manager 2007\;C:\strawberry\c\bin;C:\strawberry\perl\bin;c:\Program Files\Java\jdk1.6.0_23
USERNAME=AlViKuzmin
OS=Windows_NT
PROCESSOR_IDENTIFIER=x86 Family 15 Model 2 Stepping 9, GenuineIntel



---------------  S Y S T E M  ---------------

OS: Windows Server 2003 family Build 3790 Service Pack 2

CPU:total 4 (1 cores per cpu, 2 threads per core) family 15 model 2 stepping 9, cmov, cx8, fxsr, mmx, sse, sse2, ht

Memory: 4k page, physical 4013560k(2438956k free), swap 5951076k(4045112k free)

vm_info: OpenJDK Client VM (19.0-b06) for windows-x86 JRE (1.6.0_23-ea-b01), built on Aug 30 2010 00:56:13 by "java_re" with MS VC++ 7.1 (VS2003)

time: Thu Sep 06 22:54:53 2012
elapsed time: 706 seconds

